2021-08-05 12:37:22.135  INFO 22852 --- [main] c.p.kc.KcSecondclientApplication         : Starting KcSecondclientApplication using Java 14.0.2 on DESKTOP-O47BUR6 with PID 22852 (C:\Users\Youcode\Desktop\work-projects\lyon\kc-secondclient\target\classes started by Youcode in C:\Users\Youcode\Desktop\work-projects\lyon\kc-secondclient)
2021-08-05 12:37:22.138  INFO 22852 --- [main] c.p.kc.KcSecondclientApplication         : No active profile set, falling back to default profiles: default
2021-08-05 12:37:23.111  INFO 22852 --- [main] o.s.b.w.embedded.tomcat.TomcatWebServer  : Tomcat initialized with port(s): 8016 (http)
2021-08-05 12:37:23.121  INFO 22852 --- [main] o.apache.catalina.core.StandardService   : Starting service [Tomcat]
2021-08-05 12:37:23.121  INFO 22852 --- [main] org.apache.catalina.core.StandardEngine  : Starting Servlet engine: [Apache Tomcat/9.0.50]
2021-08-05 12:37:23.238  INFO 22852 --- [main] o.a.c.c.C.[Tomcat].[localhost].[/]       : Initializing Spring embedded WebApplicationContext
2021-08-05 12:37:23.238  INFO 22852 --- [main] w.s.c.ServletWebServerApplicationContext : Root WebApplicationContext: initialization completed in 1052 ms
2021-08-05 12:37:23.504  INFO 22852 --- [main] o.s.s.web.DefaultSecurityFilterChain     : Will secure any request with [org.springframework.security.web.context.request.async.WebAsyncManagerIntegrationFilter@1d06f16f, org.springframework.security.web.context.SecurityContextPersistenceFilter@21263314, org.springframework.security.web.header.HeaderWriterFilter@4d84049a, org.springframework.security.web.csrf.CsrfFilter@650c405c, org.keycloak.adapters.springsecurity.filter.KeycloakPreAuthActionsFilter@7c3e4b1a, org.keycloak.adapters.springsecurity.filter.KeycloakAuthenticationProcessingFilter@47b11ec7, org.springframework.security.web.authentication.logout.LogoutFilter@6bcb12e6, org.springframework.security.web.savedrequest.RequestCacheAwareFilter@4a92c6a9, org.springframework.security.web.servletapi.SecurityContextHolderAwareRequestFilter@5a545b0f, org.keycloak.adapters.springsecurity.filter.KeycloakSecurityContextRequestFilter@2513a118, org.keycloak.adapters.springsecurity.filter.KeycloakAuthenticatedActionsFilter@2bfb583b, org.springframework.security.web.authentication.AnonymousAuthenticationFilter@4fa4f485, org.springframework.security.web.session.SessionManagementFilter@642857e0, org.springframework.security.web.access.ExceptionTranslationFilter@30c3ae63, org.springframework.security.web.access.intercept.FilterSecurityInterceptor@27a09971]
2021-08-05 12:37:23.762  INFO 22852 --- [main] o.s.b.w.embedded.tomcat.TomcatWebServer  : Tomcat started on port(s): 8016 (http) with context path ''
2021-08-05 12:37:23.772  INFO 22852 --- [main] c.p.kc.KcSecondclientApplication         : Started KcSecondclientApplication in 2.002 seconds (JVM running for 2.776)
2021-08-05 12:38:06.190  INFO 22852 --- [RMI TCP Connection(4)-127.0.0.1] inMXBeanRegistrar$SpringApplicationAdmin : Application shutdown requested.
2021-08-05 12:38:10.852  INFO 21160 --- [main] c.p.kc.KcSecondclientApplication         : Starting KcSecondclientApplication using Java 14.0.2 on DESKTOP-O47BUR6 with PID 21160 (C:\Users\Youcode\Desktop\work-projects\lyon\kc-secondclient\target\classes started by Youcode in C:\Users\Youcode\Desktop\work-projects\lyon\kc-secondclient)
2021-08-05 12:38:10.855  INFO 21160 --- [main] c.p.kc.KcSecondclientApplication         : No active profile set, falling back to default profiles: default
2021-08-05 12:38:11.744  INFO 21160 --- [main] o.s.b.w.embedded.tomcat.TomcatWebServer  : Tomcat initialized with port(s): 8016 (http)
2021-08-05 12:38:11.751  INFO 21160 --- [main] o.apache.catalina.core.StandardService   : Starting service [Tomcat]
2021-08-05 12:38:11.751  INFO 21160 --- [main] org.apache.catalina.core.StandardEngine  : Starting Servlet engine: [Apache Tomcat/9.0.50]
2021-08-05 12:38:11.850  INFO 21160 --- [main] o.a.c.c.C.[Tomcat].[localhost].[/]       : Initializing Spring embedded WebApplicationContext
2021-08-05 12:38:11.850  INFO 21160 --- [main] w.s.c.ServletWebServerApplicationContext : Root WebApplicationContext: initialization completed in 940 ms
2021-08-05 12:38:12.037  INFO 21160 --- [main] o.s.s.web.DefaultSecurityFilterChain     : Will secure any request with [org.springframework.security.web.context.request.async.WebAsyncManagerIntegrationFilter@7dcb42a9, org.springframework.security.web.context.SecurityContextPersistenceFilter@642857e0, org.springframework.security.web.header.HeaderWriterFilter@54e12f4c, org.springframework.security.web.csrf.CsrfFilter@76544c0a, org.keycloak.adapters.springsecurity.filter.KeycloakPreAuthActionsFilter@2db4ad1, org.keycloak.adapters.springsecurity.filter.KeycloakAuthenticationProcessingFilter@58fa5769, org.springframework.security.web.authentication.logout.LogoutFilter@d16be4f, org.springframework.security.web.savedrequest.RequestCacheAwareFilter@21263314, org.springframework.security.web.servletapi.SecurityContextHolderAwareRequestFilter@b73433, org.keycloak.adapters.springsecurity.filter.KeycloakSecurityContextRequestFilter@2bfb583b, org.keycloak.adapters.springsecurity.filter.KeycloakAuthenticatedActionsFilter@73ae0257, org.springframework.security.web.authentication.AnonymousAuthenticationFilter@6af90849, org.springframework.security.web.session.SessionManagementFilter@4d84049a, org.springframework.security.web.access.ExceptionTranslationFilter@d902300, org.springframework.security.web.access.intercept.FilterSecurityInterceptor@31a2a9fa]
2021-08-05 12:38:12.388  INFO 21160 --- [main] o.s.b.w.embedded.tomcat.TomcatWebServer  : Tomcat started on port(s): 8016 (http) with context path ''
2021-08-05 12:38:12.396  INFO 21160 --- [main] c.p.kc.KcSecondclientApplication         : Started KcSecondclientApplication in 1.849 seconds (JVM running for 2.549)
2021-08-05 12:41:42.049  INFO 21160 --- [http-nio-8016-exec-2] o.a.c.c.C.[Tomcat].[localhost].[/]       : Initializing Spring DispatcherServlet 'dispatcherServlet'
2021-08-05 12:41:42.050  INFO 21160 --- [http-nio-8016-exec-2] o.s.web.servlet.DispatcherServlet        : Initializing Servlet 'dispatcherServlet'
2021-08-05 12:41:42.052  INFO 21160 --- [http-nio-8016-exec-2] o.s.web.servlet.DispatcherServlet        : Completed initialization in 1 ms
2021-08-05 12:41:42.328  INFO 21160 --- [http-nio-8016-exec-2] o.keycloak.adapters.KeycloakDeployment   : Loaded URLs from http://localhost:8080/auth/realms/poc-realm/.well-known/openid-configuration
2021-08-05 12:42:24.259  INFO 21160 --- [RMI TCP Connection(4)-127.0.0.1] inMXBeanRegistrar$SpringApplicationAdmin : Application shutdown requested.
2021-08-05 12:42:28.754  INFO 25512 --- [main] c.p.kc.KcSecondclientApplication         : Starting KcSecondclientApplication using Java 14.0.2 on DESKTOP-O47BUR6 with PID 25512 (C:\Users\Youcode\Desktop\work-projects\lyon\kc-secondclient\target\classes started by Youcode in C:\Users\Youcode\Desktop\work-projects\lyon\kc-secondclient)
2021-08-05 12:42:28.756  INFO 25512 --- [main] c.p.kc.KcSecondclientApplication         : No active profile set, falling back to default profiles: default
2021-08-05 12:42:29.612  INFO 25512 --- [main] o.s.b.w.embedded.tomcat.TomcatWebServer  : Tomcat initialized with port(s): 8016 (http)
2021-08-05 12:42:29.621  INFO 25512 --- [main] o.apache.catalina.core.StandardService   : Starting service [Tomcat]
2021-08-05 12:42:29.621  INFO 25512 --- [main] org.apache.catalina.core.StandardEngine  : Starting Servlet engine: [Apache Tomcat/9.0.50]
2021-08-05 12:42:29.719  INFO 25512 --- [main] o.a.c.c.C.[Tomcat].[localhost].[/]       : Initializing Spring embedded WebApplicationContext
2021-08-05 12:42:29.720  INFO 25512 --- [main] w.s.c.ServletWebServerApplicationContext : Root WebApplicationContext: initialization completed in 920 ms
2021-08-05 12:42:29.935  INFO 25512 --- [main] o.s.s.web.DefaultSecurityFilterChain     : Will secure any request with [org.springframework.security.web.context.request.async.WebAsyncManagerIntegrationFilter@3a3ed300, org.springframework.security.web.context.SecurityContextPersistenceFilter@3aaa3c39, org.springframework.security.web.header.HeaderWriterFilter@748ac6f3, org.springframework.security.web.csrf.CsrfFilter@52b46d52, org.keycloak.adapters.springsecurity.filter.KeycloakPreAuthActionsFilter@28237492, org.keycloak.adapters.springsecurity.filter.KeycloakAuthenticationProcessingFilter@4d3c6593, org.springframework.security.web.authentication.logout.LogoutFilter@124dac75, org.springframework.security.web.savedrequest.RequestCacheAwareFilter@70f68288, org.springframework.security.web.servletapi.SecurityContextHolderAwareRequestFilter@60990e5c, org.keycloak.adapters.springsecurity.filter.KeycloakSecurityContextRequestFilter@28ee7bee, org.keycloak.adapters.springsecurity.filter.KeycloakAuthenticatedActionsFilter@1b5a1d85, org.springframework.security.web.authentication.AnonymousAuthenticationFilter@1984212d, org.springframework.security.web.session.SessionManagementFilter@6fff46bf, org.springframework.security.web.access.ExceptionTranslationFilter@76544c0a, org.springframework.security.web.access.intercept.FilterSecurityInterceptor@50eb4a2c]
2021-08-05 12:42:30.154  INFO 25512 --- [main] o.s.b.w.embedded.tomcat.TomcatWebServer  : Tomcat started on port(s): 8016 (http) with context path ''
2021-08-05 12:42:30.163  INFO 25512 --- [main] c.p.kc.KcSecondclientApplication         : Started KcSecondclientApplication in 1.692 seconds (JVM running for 2.299)
2021-08-05 12:42:34.485  INFO 25512 --- [http-nio-8016-exec-1] o.a.c.c.C.[Tomcat].[localhost].[/]       : Initializing Spring DispatcherServlet 'dispatcherServlet'
